<?xml version="1.0" encoding="UTF-8"?>
<testsuite xmlns:xsi="http://www.w3.org/2001/XMLSchema-instance" xsi:noNamespaceSchemaLocation="https://maven.apache.org/surefire/maven-surefire-plugin/xsd/surefire-test-report.xsd" name="com.mall.wine.WineApplicationTests" time="8.035" tests="1" errors="0" skipped="0" failures="0">
  <properties>
    <property name="java.specification.version" value="17"/>
    <property name="sun.cpu.isalist" value="amd64"/>
    <property name="sun.jnu.encoding" value="GBK"/>
    <property name="java.class.path" value="F:\Java\IDEAProject\wine\target\test-classes;F:\Java\IDEAProject\wine\target\classes;F:\JavaResources\maven\repository\org\springframework\boot\spring-boot-starter-web\2.7.12\spring-boot-starter-web-2.7.12.jar;F:\JavaResources\maven\repository\org\springframework\boot\spring-boot-starter\2.7.12\spring-boot-starter-2.7.12.jar;F:\JavaResources\maven\repository\org\springframework\boot\spring-boot\2.7.12\spring-boot-2.7.12.jar;F:\JavaResources\maven\repository\org\springframework\boot\spring-boot-autoconfigure\2.7.12\spring-boot-autoconfigure-2.7.12.jar;F:\JavaResources\maven\repository\org\springframework\boot\spring-boot-starter-logging\2.7.12\spring-boot-starter-logging-2.7.12.jar;F:\JavaResources\maven\repository\ch\qos\logback\logback-classic\1.2.12\logback-classic-1.2.12.jar;F:\JavaResources\maven\repository\ch\qos\logback\logback-core\1.2.12\logback-core-1.2.12.jar;F:\JavaResources\maven\repository\org\apache\logging\log4j\log4j-to-slf4j\2.17.2\log4j-to-slf4j-2.17.2.jar;F:\JavaResources\maven\repository\org\apache\logging\log4j\log4j-api\2.17.2\log4j-api-2.17.2.jar;F:\JavaResources\maven\repository\org\slf4j\jul-to-slf4j\1.7.36\jul-to-slf4j-1.7.36.jar;F:\JavaResources\maven\repository\jakarta\annotation\jakarta.annotation-api\1.3.5\jakarta.annotation-api-1.3.5.jar;F:\JavaResources\maven\repository\org\yaml\snakeyaml\1.30\snakeyaml-1.30.jar;F:\JavaResources\maven\repository\org\springframework\boot\spring-boot-starter-json\2.7.12\spring-boot-starter-json-2.7.12.jar;F:\JavaResources\maven\repository\com\fasterxml\jackson\datatype\jackson-datatype-jdk8\2.13.5\jackson-datatype-jdk8-2.13.5.jar;F:\JavaResources\maven\repository\com\fasterxml\jackson\datatype\jackson-datatype-jsr310\2.13.5\jackson-datatype-jsr310-2.13.5.jar;F:\JavaResources\maven\repository\com\fasterxml\jackson\module\jackson-module-parameter-names\2.13.5\jackson-module-parameter-names-2.13.5.jar;F:\JavaResources\maven\repository\org\springframework\boot\spring-boot-starter-tomcat\2.7.12\spring-boot-starter-tomcat-2.7.12.jar;F:\JavaResources\maven\repository\org\apache\tomcat\embed\tomcat-embed-core\9.0.75\tomcat-embed-core-9.0.75.jar;F:\JavaResources\maven\repository\org\apache\tomcat\embed\tomcat-embed-el\9.0.75\tomcat-embed-el-9.0.75.jar;F:\JavaResources\maven\repository\org\apache\tomcat\embed\tomcat-embed-websocket\9.0.75\tomcat-embed-websocket-9.0.75.jar;F:\JavaResources\maven\repository\org\springframework\spring-web\5.3.27\spring-web-5.3.27.jar;F:\JavaResources\maven\repository\org\springframework\spring-beans\5.3.27\spring-beans-5.3.27.jar;F:\JavaResources\maven\repository\org\springframework\spring-webmvc\5.3.27\spring-webmvc-5.3.27.jar;F:\JavaResources\maven\repository\org\springframework\spring-aop\5.3.27\spring-aop-5.3.27.jar;F:\JavaResources\maven\repository\org\springframework\spring-context\5.3.27\spring-context-5.3.27.jar;F:\JavaResources\maven\repository\org\springframework\spring-expression\5.3.27\spring-expression-5.3.27.jar;F:\JavaResources\maven\repository\org\springframework\boot\spring-boot-starter-test\2.7.12\spring-boot-starter-test-2.7.12.jar;F:\JavaResources\maven\repository\org\springframework\boot\spring-boot-test\2.7.12\spring-boot-test-2.7.12.jar;F:\JavaResources\maven\repository\org\springframework\boot\spring-boot-test-autoconfigure\2.7.12\spring-boot-test-autoconfigure-2.7.12.jar;F:\JavaResources\maven\repository\com\jayway\jsonpath\json-path\2.7.0\json-path-2.7.0.jar;F:\JavaResources\maven\repository\net\minidev\json-smart\2.4.11\json-smart-2.4.11.jar;F:\JavaResources\maven\repository\net\minidev\accessors-smart\2.4.11\accessors-smart-2.4.11.jar;F:\JavaResources\maven\repository\org\ow2\asm\asm\9.3\asm-9.3.jar;F:\JavaResources\maven\repository\org\slf4j\slf4j-api\1.7.36\slf4j-api-1.7.36.jar;F:\JavaResources\maven\repository\jakarta\xml\bind\jakarta.xml.bind-api\2.3.3\jakarta.xml.bind-api-2.3.3.jar;F:\JavaResources\maven\repository\jakarta\activation\jakarta.activation-api\1.2.2\jakarta.activation-api-1.2.2.jar;F:\JavaResources\maven\repository\org\assertj\assertj-core\3.22.0\assertj-core-3.22.0.jar;F:\JavaResources\maven\repository\org\hamcrest\hamcrest\2.2\hamcrest-2.2.jar;F:\JavaResources\maven\repository\org\junit\jupiter\junit-jupiter\5.8.2\junit-jupiter-5.8.2.jar;F:\JavaResources\maven\repository\org\junit\jupiter\junit-jupiter-api\5.8.2\junit-jupiter-api-5.8.2.jar;F:\JavaResources\maven\repository\org\opentest4j\opentest4j\1.2.0\opentest4j-1.2.0.jar;F:\JavaResources\maven\repository\org\junit\platform\junit-platform-commons\1.8.2\junit-platform-commons-1.8.2.jar;F:\JavaResources\maven\repository\org\apiguardian\apiguardian-api\1.1.2\apiguardian-api-1.1.2.jar;F:\JavaResources\maven\repository\org\junit\jupiter\junit-jupiter-params\5.8.2\junit-jupiter-params-5.8.2.jar;F:\JavaResources\maven\repository\org\junit\jupiter\junit-jupiter-engine\5.8.2\junit-jupiter-engine-5.8.2.jar;F:\JavaResources\maven\repository\org\junit\platform\junit-platform-engine\1.8.2\junit-platform-engine-1.8.2.jar;F:\JavaResources\maven\repository\org\mockito\mockito-core\4.5.1\mockito-core-4.5.1.jar;F:\JavaResources\maven\repository\net\bytebuddy\byte-buddy\1.12.23\byte-buddy-1.12.23.jar;F:\JavaResources\maven\repository\net\bytebuddy\byte-buddy-agent\1.12.23\byte-buddy-agent-1.12.23.jar;F:\JavaResources\maven\repository\org\objenesis\objenesis\3.2\objenesis-3.2.jar;F:\JavaResources\maven\repository\org\mockito\mockito-junit-jupiter\4.5.1\mockito-junit-jupiter-4.5.1.jar;F:\JavaResources\maven\repository\org\skyscreamer\jsonassert\1.5.1\jsonassert-1.5.1.jar;F:\JavaResources\maven\repository\com\vaadin\external\google\android-json\0.0.20131108.vaadin1\android-json-0.0.20131108.vaadin1.jar;F:\JavaResources\maven\repository\org\springframework\spring-core\5.3.27\spring-core-5.3.27.jar;F:\JavaResources\maven\repository\org\springframework\spring-jcl\5.3.27\spring-jcl-5.3.27.jar;F:\JavaResources\maven\repository\org\springframework\spring-test\5.3.27\spring-test-5.3.27.jar;F:\JavaResources\maven\repository\org\xmlunit\xmlunit-core\2.9.1\xmlunit-core-2.9.1.jar;F:\JavaResources\maven\repository\mysql\mysql-connector-java\5.1.41\mysql-connector-java-5.1.41.jar;F:\JavaResources\maven\repository\org\mybatis\spring\boot\mybatis-spring-boot-starter\2.3.1\mybatis-spring-boot-starter-2.3.1.jar;F:\JavaResources\maven\repository\org\springframework\boot\spring-boot-starter-jdbc\2.7.12\spring-boot-starter-jdbc-2.7.12.jar;F:\JavaResources\maven\repository\com\zaxxer\HikariCP\4.0.3\HikariCP-4.0.3.jar;F:\JavaResources\maven\repository\org\springframework\spring-jdbc\5.3.27\spring-jdbc-5.3.27.jar;F:\JavaResources\maven\repository\org\springframework\spring-tx\5.3.27\spring-tx-5.3.27.jar;F:\JavaResources\maven\repository\org\mybatis\spring\boot\mybatis-spring-boot-autoconfigure\2.3.1\mybatis-spring-boot-autoconfigure-2.3.1.jar;F:\JavaResources\maven\repository\org\mybatis\mybatis\3.5.13\mybatis-3.5.13.jar;F:\JavaResources\maven\repository\org\mybatis\mybatis-spring\2.1.1\mybatis-spring-2.1.1.jar;F:\JavaResources\maven\repository\tk\mybatis\mapper-spring-boot-starter\2.1.5\mapper-spring-boot-starter-2.1.5.jar;F:\JavaResources\maven\repository\tk\mybatis\mapper-core\1.1.5\mapper-core-1.1.5.jar;F:\JavaResources\maven\repository\javax\persistence\persistence-api\1.0\persistence-api-1.0.jar;F:\JavaResources\maven\repository\tk\mybatis\mapper-base\1.1.5\mapper-base-1.1.5.jar;F:\JavaResources\maven\repository\tk\mybatis\mapper-weekend\1.1.5\mapper-weekend-1.1.5.jar;F:\JavaResources\maven\repository\tk\mybatis\mapper-spring\1.1.5\mapper-spring-1.1.5.jar;F:\JavaResources\maven\repository\tk\mybatis\mapper-extra\1.1.5\mapper-extra-1.1.5.jar;F:\JavaResources\maven\repository\tk\mybatis\mapper-spring-boot-autoconfigure\2.1.5\mapper-spring-boot-autoconfigure-2.1.5.jar;F:\JavaResources\maven\repository\com\github\pagehelper\pagehelper-spring-boot-starter\1.4.1\pagehelper-spring-boot-starter-1.4.1.jar;F:\JavaResources\maven\repository\com\github\pagehelper\pagehelper-spring-boot-autoconfigure\1.4.1\pagehelper-spring-boot-autoconfigure-1.4.1.jar;F:\JavaResources\maven\repository\com\github\pagehelper\pagehelper\5.3.0\pagehelper-5.3.0.jar;F:\JavaResources\maven\repository\com\github\jsqlparser\jsqlparser\4.2\jsqlparser-4.2.jar;F:\JavaResources\maven\repository\com\fasterxml\jackson\core\jackson-core\2.10.2\jackson-core-2.10.2.jar;F:\JavaResources\maven\repository\com\fasterxml\jackson\core\jackson-annotations\2.10.2\jackson-annotations-2.10.2.jar;F:\JavaResources\maven\repository\com\fasterxml\jackson\core\jackson-databind\2.10.2\jackson-databind-2.10.2.jar;F:\JavaResources\maven\repository\commons-codec\commons-codec\1.11\commons-codec-1.11.jar;F:\JavaResources\maven\repository\org\apache\commons\commons-lang3\3.4\commons-lang3-3.4.jar;F:\JavaResources\maven\repository\commons-fileupload\commons-fileupload\1.4\commons-fileupload-1.4.jar;F:\JavaResources\maven\repository\commons-io\commons-io\2.2\commons-io-2.2.jar;F:\JavaResources\maven\repository\com\google\guava\guava\28.2-jre\guava-28.2-jre.jar;F:\JavaResources\maven\repository\com\google\guava\failureaccess\1.0.1\failureaccess-1.0.1.jar;F:\JavaResources\maven\repository\com\google\guava\listenablefuture\9999.0-empty-to-avoid-conflict-with-guava\listenablefuture-9999.0-empty-to-avoid-conflict-with-guava.jar;F:\JavaResources\maven\repository\com\google\code\findbugs\jsr305\3.0.2\jsr305-3.0.2.jar;F:\JavaResources\maven\repository\org\checkerframework\checker-qual\2.10.0\checker-qual-2.10.0.jar;F:\JavaResources\maven\repository\com\google\errorprone\error_prone_annotations\2.3.4\error_prone_annotations-2.3.4.jar;F:\JavaResources\maven\repository\com\google\j2objc\j2objc-annotations\1.3\j2objc-annotations-1.3.jar;F:\JavaResources\maven\repository\joda-time\joda-time\2.10.6\joda-time-2.10.6.jar;F:\JavaResources\maven\repository\com\github\xiaoymin\knife4j-spring-boot-starter\2.0.9\knife4j-spring-boot-starter-2.0.9.jar;F:\JavaResources\maven\repository\com\github\xiaoymin\knife4j-spring-boot-autoconfigure\2.0.9\knife4j-spring-boot-autoconfigure-2.0.9.jar;F:\JavaResources\maven\repository\com\github\xiaoymin\knife4j-spring\2.0.9\knife4j-spring-2.0.9.jar;F:\JavaResources\maven\repository\com\github\xiaoymin\knife4j-annotations\2.0.9\knife4j-annotations-2.0.9.jar;F:\JavaResources\maven\repository\com\github\xiaoymin\knife4j-core\2.0.9\knife4j-core-2.0.9.jar;F:\JavaResources\maven\repository\org\javassist\javassist\3.25.0-GA\javassist-3.25.0-GA.jar;F:\JavaResources\maven\repository\io\swagger\swagger-models\1.5.22\swagger-models-1.5.22.jar;F:\JavaResources\maven\repository\io\swagger\swagger-annotations\1.5.22\swagger-annotations-1.5.22.jar;F:\JavaResources\maven\repository\io\springfox\springfox-swagger2\2.10.5\springfox-swagger2-2.10.5.jar;F:\JavaResources\maven\repository\io\springfox\springfox-spi\2.10.5\springfox-spi-2.10.5.jar;F:\JavaResources\maven\repository\io\springfox\springfox-core\2.10.5\springfox-core-2.10.5.jar;F:\JavaResources\maven\repository\io\springfox\springfox-schema\2.10.5\springfox-schema-2.10.5.jar;F:\JavaResources\maven\repository\io\springfox\springfox-swagger-common\2.10.5\springfox-swagger-common-2.10.5.jar;F:\JavaResources\maven\repository\io\springfox\springfox-spring-web\2.10.5\springfox-spring-web-2.10.5.jar;F:\JavaResources\maven\repository\io\github\classgraph\classgraph\4.1.7\classgraph-4.1.7.jar;F:\JavaResources\maven\repository\com\fasterxml\classmate\1.5.1\classmate-1.5.1.jar;F:\JavaResources\maven\repository\org\springframework\plugin\spring-plugin-core\2.0.0.RELEASE\spring-plugin-core-2.0.0.RELEASE.jar;F:\JavaResources\maven\repository\org\springframework\plugin\spring-plugin-metadata\2.0.0.RELEASE\spring-plugin-metadata-2.0.0.RELEASE.jar;F:\JavaResources\maven\repository\org\mapstruct\mapstruct\1.3.1.Final\mapstruct-1.3.1.Final.jar;F:\JavaResources\maven\repository\io\springfox\springfox-bean-validators\2.10.5\springfox-bean-validators-2.10.5.jar;F:\JavaResources\maven\repository\io\springfox\springfox-spring-webmvc\2.10.5\springfox-spring-webmvc-2.10.5.jar;F:\JavaResources\maven\repository\com\github\xiaoymin\knife4j-spring-ui\2.0.9\knife4j-spring-ui-2.0.9.jar;F:\JavaResources\maven\repository\com\github\xiaoymin\knife4j-springdoc-ui\3.0.3\knife4j-springdoc-ui-3.0.3.jar;F:\JavaResources\maven\repository\org\projectlombok\lombok\1.18.26\lombok-1.18.26.jar;"/>
    <property name="java.vm.vendor" value="Oracle Corporation"/>
    <property name="sun.arch.data.model" value="64"/>
    <property name="user.variant" value=""/>
    <property name="java.vendor.url" value="https://java.oracle.com/"/>
    <property name="user.timezone" value="Asia/Shanghai"/>
    <property name="os.name" value="Windows 10"/>
    <property name="java.vm.specification.version" value="17"/>
    <property name="sun.java.launcher" value="SUN_STANDARD"/>
    <property name="user.country" value="CN"/>
    <property name="sun.boot.library.path" value="D:\Program Files\Java\jdk-17.0.7\bin"/>
    <property name="sun.java.command" value="C:\Users\11460\AppData\Local\Temp\surefire14210149052148418237\surefirebooter11868292113916758160.jar C:\Users\11460\AppData\Local\Temp\surefire14210149052148418237 2023-06-19T15-36-45_438-jvmRun1 surefire12414383944936181281tmp surefire_08243331356291350478tmp"/>
    <property name="jdk.debug" value="release"/>
    <property name="surefire.test.class.path" value="F:\Java\IDEAProject\wine\target\test-classes;F:\Java\IDEAProject\wine\target\classes;F:\JavaResources\maven\repository\org\springframework\boot\spring-boot-starter-web\2.7.12\spring-boot-starter-web-2.7.12.jar;F:\JavaResources\maven\repository\org\springframework\boot\spring-boot-starter\2.7.12\spring-boot-starter-2.7.12.jar;F:\JavaResources\maven\repository\org\springframework\boot\spring-boot\2.7.12\spring-boot-2.7.12.jar;F:\JavaResources\maven\repository\org\springframework\boot\spring-boot-autoconfigure\2.7.12\spring-boot-autoconfigure-2.7.12.jar;F:\JavaResources\maven\repository\org\springframework\boot\spring-boot-starter-logging\2.7.12\spring-boot-starter-logging-2.7.12.jar;F:\JavaResources\maven\repository\ch\qos\logback\logback-classic\1.2.12\logback-classic-1.2.12.jar;F:\JavaResources\maven\repository\ch\qos\logback\logback-core\1.2.12\logback-core-1.2.12.jar;F:\JavaResources\maven\repository\org\apache\logging\log4j\log4j-to-slf4j\2.17.2\log4j-to-slf4j-2.17.2.jar;F:\JavaResources\maven\repository\org\apache\logging\log4j\log4j-api\2.17.2\log4j-api-2.17.2.jar;F:\JavaResources\maven\repository\org\slf4j\jul-to-slf4j\1.7.36\jul-to-slf4j-1.7.36.jar;F:\JavaResources\maven\repository\jakarta\annotation\jakarta.annotation-api\1.3.5\jakarta.annotation-api-1.3.5.jar;F:\JavaResources\maven\repository\org\yaml\snakeyaml\1.30\snakeyaml-1.30.jar;F:\JavaResources\maven\repository\org\springframework\boot\spring-boot-starter-json\2.7.12\spring-boot-starter-json-2.7.12.jar;F:\JavaResources\maven\repository\com\fasterxml\jackson\datatype\jackson-datatype-jdk8\2.13.5\jackson-datatype-jdk8-2.13.5.jar;F:\JavaResources\maven\repository\com\fasterxml\jackson\datatype\jackson-datatype-jsr310\2.13.5\jackson-datatype-jsr310-2.13.5.jar;F:\JavaResources\maven\repository\com\fasterxml\jackson\module\jackson-module-parameter-names\2.13.5\jackson-module-parameter-names-2.13.5.jar;F:\JavaResources\maven\repository\org\springframework\boot\spring-boot-starter-tomcat\2.7.12\spring-boot-starter-tomcat-2.7.12.jar;F:\JavaResources\maven\repository\org\apache\tomcat\embed\tomcat-embed-core\9.0.75\tomcat-embed-core-9.0.75.jar;F:\JavaResources\maven\repository\org\apache\tomcat\embed\tomcat-embed-el\9.0.75\tomcat-embed-el-9.0.75.jar;F:\JavaResources\maven\repository\org\apache\tomcat\embed\tomcat-embed-websocket\9.0.75\tomcat-embed-websocket-9.0.75.jar;F:\JavaResources\maven\repository\org\springframework\spring-web\5.3.27\spring-web-5.3.27.jar;F:\JavaResources\maven\repository\org\springframework\spring-beans\5.3.27\spring-beans-5.3.27.jar;F:\JavaResources\maven\repository\org\springframework\spring-webmvc\5.3.27\spring-webmvc-5.3.27.jar;F:\JavaResources\maven\repository\org\springframework\spring-aop\5.3.27\spring-aop-5.3.27.jar;F:\JavaResources\maven\repository\org\springframework\spring-context\5.3.27\spring-context-5.3.27.jar;F:\JavaResources\maven\repository\org\springframework\spring-expression\5.3.27\spring-expression-5.3.27.jar;F:\JavaResources\maven\repository\org\springframework\boot\spring-boot-starter-test\2.7.12\spring-boot-starter-test-2.7.12.jar;F:\JavaResources\maven\repository\org\springframework\boot\spring-boot-test\2.7.12\spring-boot-test-2.7.12.jar;F:\JavaResources\maven\repository\org\springframework\boot\spring-boot-test-autoconfigure\2.7.12\spring-boot-test-autoconfigure-2.7.12.jar;F:\JavaResources\maven\repository\com\jayway\jsonpath\json-path\2.7.0\json-path-2.7.0.jar;F:\JavaResources\maven\repository\net\minidev\json-smart\2.4.11\json-smart-2.4.11.jar;F:\JavaResources\maven\repository\net\minidev\accessors-smart\2.4.11\accessors-smart-2.4.11.jar;F:\JavaResources\maven\repository\org\ow2\asm\asm\9.3\asm-9.3.jar;F:\JavaResources\maven\repository\org\slf4j\slf4j-api\1.7.36\slf4j-api-1.7.36.jar;F:\JavaResources\maven\repository\jakarta\xml\bind\jakarta.xml.bind-api\2.3.3\jakarta.xml.bind-api-2.3.3.jar;F:\JavaResources\maven\repository\jakarta\activation\jakarta.activation-api\1.2.2\jakarta.activation-api-1.2.2.jar;F:\JavaResources\maven\repository\org\assertj\assertj-core\3.22.0\assertj-core-3.22.0.jar;F:\JavaResources\maven\repository\org\hamcrest\hamcrest\2.2\hamcrest-2.2.jar;F:\JavaResources\maven\repository\org\junit\jupiter\junit-jupiter\5.8.2\junit-jupiter-5.8.2.jar;F:\JavaResources\maven\repository\org\junit\jupiter\junit-jupiter-api\5.8.2\junit-jupiter-api-5.8.2.jar;F:\JavaResources\maven\repository\org\opentest4j\opentest4j\1.2.0\opentest4j-1.2.0.jar;F:\JavaResources\maven\repository\org\junit\platform\junit-platform-commons\1.8.2\junit-platform-commons-1.8.2.jar;F:\JavaResources\maven\repository\org\apiguardian\apiguardian-api\1.1.2\apiguardian-api-1.1.2.jar;F:\JavaResources\maven\repository\org\junit\jupiter\junit-jupiter-params\5.8.2\junit-jupiter-params-5.8.2.jar;F:\JavaResources\maven\repository\org\junit\jupiter\junit-jupiter-engine\5.8.2\junit-jupiter-engine-5.8.2.jar;F:\JavaResources\maven\repository\org\junit\platform\junit-platform-engine\1.8.2\junit-platform-engine-1.8.2.jar;F:\JavaResources\maven\repository\org\mockito\mockito-core\4.5.1\mockito-core-4.5.1.jar;F:\JavaResources\maven\repository\net\bytebuddy\byte-buddy\1.12.23\byte-buddy-1.12.23.jar;F:\JavaResources\maven\repository\net\bytebuddy\byte-buddy-agent\1.12.23\byte-buddy-agent-1.12.23.jar;F:\JavaResources\maven\repository\org\objenesis\objenesis\3.2\objenesis-3.2.jar;F:\JavaResources\maven\repository\org\mockito\mockito-junit-jupiter\4.5.1\mockito-junit-jupiter-4.5.1.jar;F:\JavaResources\maven\repository\org\skyscreamer\jsonassert\1.5.1\jsonassert-1.5.1.jar;F:\JavaResources\maven\repository\com\vaadin\external\google\android-json\0.0.20131108.vaadin1\android-json-0.0.20131108.vaadin1.jar;F:\JavaResources\maven\repository\org\springframework\spring-core\5.3.27\spring-core-5.3.27.jar;F:\JavaResources\maven\repository\org\springframework\spring-jcl\5.3.27\spring-jcl-5.3.27.jar;F:\JavaResources\maven\repository\org\springframework\spring-test\5.3.27\spring-test-5.3.27.jar;F:\JavaResources\maven\repository\org\xmlunit\xmlunit-core\2.9.1\xmlunit-core-2.9.1.jar;F:\JavaResources\maven\repository\mysql\mysql-connector-java\5.1.41\mysql-connector-java-5.1.41.jar;F:\JavaResources\maven\repository\org\mybatis\spring\boot\mybatis-spring-boot-starter\2.3.1\mybatis-spring-boot-starter-2.3.1.jar;F:\JavaResources\maven\repository\org\springframework\boot\spring-boot-starter-jdbc\2.7.12\spring-boot-starter-jdbc-2.7.12.jar;F:\JavaResources\maven\repository\com\zaxxer\HikariCP\4.0.3\HikariCP-4.0.3.jar;F:\JavaResources\maven\repository\org\springframework\spring-jdbc\5.3.27\spring-jdbc-5.3.27.jar;F:\JavaResources\maven\repository\org\springframework\spring-tx\5.3.27\spring-tx-5.3.27.jar;F:\JavaResources\maven\repository\org\mybatis\spring\boot\mybatis-spring-boot-autoconfigure\2.3.1\mybatis-spring-boot-autoconfigure-2.3.1.jar;F:\JavaResources\maven\repository\org\mybatis\mybatis\3.5.13\mybatis-3.5.13.jar;F:\JavaResources\maven\repository\org\mybatis\mybatis-spring\2.1.1\mybatis-spring-2.1.1.jar;F:\JavaResources\maven\repository\tk\mybatis\mapper-spring-boot-starter\2.1.5\mapper-spring-boot-starter-2.1.5.jar;F:\JavaResources\maven\repository\tk\mybatis\mapper-core\1.1.5\mapper-core-1.1.5.jar;F:\JavaResources\maven\repository\javax\persistence\persistence-api\1.0\persistence-api-1.0.jar;F:\JavaResources\maven\repository\tk\mybatis\mapper-base\1.1.5\mapper-base-1.1.5.jar;F:\JavaResources\maven\repository\tk\mybatis\mapper-weekend\1.1.5\mapper-weekend-1.1.5.jar;F:\JavaResources\maven\repository\tk\mybatis\mapper-spring\1.1.5\mapper-spring-1.1.5.jar;F:\JavaResources\maven\repository\tk\mybatis\mapper-extra\1.1.5\mapper-extra-1.1.5.jar;F:\JavaResources\maven\repository\tk\mybatis\mapper-spring-boot-autoconfigure\2.1.5\mapper-spring-boot-autoconfigure-2.1.5.jar;F:\JavaResources\maven\repository\com\github\pagehelper\pagehelper-spring-boot-starter\1.4.1\pagehelper-spring-boot-starter-1.4.1.jar;F:\JavaResources\maven\repository\com\github\pagehelper\pagehelper-spring-boot-autoconfigure\1.4.1\pagehelper-spring-boot-autoconfigure-1.4.1.jar;F:\JavaResources\maven\repository\com\github\pagehelper\pagehelper\5.3.0\pagehelper-5.3.0.jar;F:\JavaResources\maven\repository\com\github\jsqlparser\jsqlparser\4.2\jsqlparser-4.2.jar;F:\JavaResources\maven\repository\com\fasterxml\jackson\core\jackson-core\2.10.2\jackson-core-2.10.2.jar;F:\JavaResources\maven\repository\com\fasterxml\jackson\core\jackson-annotations\2.10.2\jackson-annotations-2.10.2.jar;F:\JavaResources\maven\repository\com\fasterxml\jackson\core\jackson-databind\2.10.2\jackson-databind-2.10.2.jar;F:\JavaResources\maven\repository\commons-codec\commons-codec\1.11\commons-codec-1.11.jar;F:\JavaResources\maven\repository\org\apache\commons\commons-lang3\3.4\commons-lang3-3.4.jar;F:\JavaResources\maven\repository\commons-fileupload\commons-fileupload\1.4\commons-fileupload-1.4.jar;F:\JavaResources\maven\repository\commons-io\commons-io\2.2\commons-io-2.2.jar;F:\JavaResources\maven\repository\com\google\guava\guava\28.2-jre\guava-28.2-jre.jar;F:\JavaResources\maven\repository\com\google\guava\failureaccess\1.0.1\failureaccess-1.0.1.jar;F:\JavaResources\maven\repository\com\google\guava\listenablefuture\9999.0-empty-to-avoid-conflict-with-guava\listenablefuture-9999.0-empty-to-avoid-conflict-with-guava.jar;F:\JavaResources\maven\repository\com\google\code\findbugs\jsr305\3.0.2\jsr305-3.0.2.jar;F:\JavaResources\maven\repository\org\checkerframework\checker-qual\2.10.0\checker-qual-2.10.0.jar;F:\JavaResources\maven\repository\com\google\errorprone\error_prone_annotations\2.3.4\error_prone_annotations-2.3.4.jar;F:\JavaResources\maven\repository\com\google\j2objc\j2objc-annotations\1.3\j2objc-annotations-1.3.jar;F:\JavaResources\maven\repository\joda-time\joda-time\2.10.6\joda-time-2.10.6.jar;F:\JavaResources\maven\repository\com\github\xiaoymin\knife4j-spring-boot-starter\2.0.9\knife4j-spring-boot-starter-2.0.9.jar;F:\JavaResources\maven\repository\com\github\xiaoymin\knife4j-spring-boot-autoconfigure\2.0.9\knife4j-spring-boot-autoconfigure-2.0.9.jar;F:\JavaResources\maven\repository\com\github\xiaoymin\knife4j-spring\2.0.9\knife4j-spring-2.0.9.jar;F:\JavaResources\maven\repository\com\github\xiaoymin\knife4j-annotations\2.0.9\knife4j-annotations-2.0.9.jar;F:\JavaResources\maven\repository\com\github\xiaoymin\knife4j-core\2.0.9\knife4j-core-2.0.9.jar;F:\JavaResources\maven\repository\org\javassist\javassist\3.25.0-GA\javassist-3.25.0-GA.jar;F:\JavaResources\maven\repository\io\swagger\swagger-models\1.5.22\swagger-models-1.5.22.jar;F:\JavaResources\maven\repository\io\swagger\swagger-annotations\1.5.22\swagger-annotations-1.5.22.jar;F:\JavaResources\maven\repository\io\springfox\springfox-swagger2\2.10.5\springfox-swagger2-2.10.5.jar;F:\JavaResources\maven\repository\io\springfox\springfox-spi\2.10.5\springfox-spi-2.10.5.jar;F:\JavaResources\maven\repository\io\springfox\springfox-core\2.10.5\springfox-core-2.10.5.jar;F:\JavaResources\maven\repository\io\springfox\springfox-schema\2.10.5\springfox-schema-2.10.5.jar;F:\JavaResources\maven\repository\io\springfox\springfox-swagger-common\2.10.5\springfox-swagger-common-2.10.5.jar;F:\JavaResources\maven\repository\io\springfox\springfox-spring-web\2.10.5\springfox-spring-web-2.10.5.jar;F:\JavaResources\maven\repository\io\github\classgraph\classgraph\4.1.7\classgraph-4.1.7.jar;F:\JavaResources\maven\repository\com\fasterxml\classmate\1.5.1\classmate-1.5.1.jar;F:\JavaResources\maven\repository\org\springframework\plugin\spring-plugin-core\2.0.0.RELEASE\spring-plugin-core-2.0.0.RELEASE.jar;F:\JavaResources\maven\repository\org\springframework\plugin\spring-plugin-metadata\2.0.0.RELEASE\spring-plugin-metadata-2.0.0.RELEASE.jar;F:\JavaResources\maven\repository\org\mapstruct\mapstruct\1.3.1.Final\mapstruct-1.3.1.Final.jar;F:\JavaResources\maven\repository\io\springfox\springfox-bean-validators\2.10.5\springfox-bean-validators-2.10.5.jar;F:\JavaResources\maven\repository\io\springfox\springfox-spring-webmvc\2.10.5\springfox-spring-webmvc-2.10.5.jar;F:\JavaResources\maven\repository\com\github\xiaoymin\knife4j-spring-ui\2.0.9\knife4j-spring-ui-2.0.9.jar;F:\JavaResources\maven\repository\com\github\xiaoymin\knife4j-springdoc-ui\3.0.3\knife4j-springdoc-ui-3.0.3.jar;F:\JavaResources\maven\repository\org\projectlombok\lombok\1.18.26\lombok-1.18.26.jar;"/>
    <property name="sun.cpu.endian" value="little"/>
    <property name="user.home" value="C:\Users\11460"/>
    <property name="user.language" value="zh"/>
    <property name="java.specification.vendor" value="Oracle Corporation"/>
    <property name="java.version.date" value="2023-04-18"/>
    <property name="java.home" value="D:\Program Files\Java\jdk-17.0.7"/>
    <property name="file.separator" value="\"/>
    <property name="basedir" value="F:\Java\IDEAProject\wine"/>
    <property name="java.vm.compressedOopsMode" value="32-bit"/>
    <property name="line.separator" value="&#10;"/>
    <property name="java.vm.specification.vendor" value="Oracle Corporation"/>
    <property name="java.specification.name" value="Java Platform API Specification"/>
    <property name="surefire.real.class.path" value="C:\Users\11460\AppData\Local\Temp\surefire14210149052148418237\surefirebooter11868292113916758160.jar"/>
    <property name="user.script" value=""/>
    <property name="sun.management.compiler" value="HotSpot 64-Bit Tiered Compilers"/>
    <property name="java.runtime.version" value="17.0.7+8-LTS-224"/>
    <property name="user.name" value="唯"/>
    <property name="path.separator" value=";"/>
    <property name="os.version" value="10.0"/>
    <property name="java.runtime.name" value="Java(TM) SE Runtime Environment"/>
    <property name="file.encoding" value="GBK"/>
    <property name="java.vm.name" value="Java HotSpot(TM) 64-Bit Server VM"/>
    <property name="localRepository" value="F:\JavaResources\maven\repository"/>
    <property name="java.vendor.url.bug" value="https://bugreport.java.com/bugreport/"/>
    <property name="java.io.tmpdir" value="C:\Users\11460\AppData\Local\Temp\"/>
    <property name="idea.version" value="2021.3.1"/>
    <property name="java.version" value="17.0.7"/>
    <property name="user.dir" value="F:\Java\IDEAProject\wine"/>
    <property name="os.arch" value="amd64"/>
    <property name="java.vm.specification.name" value="Java Virtual Machine Specification"/>
    <property name="sun.os.patch.level" value=""/>
    <property name="native.encoding" value="GBK"/>
    <property name="java.library.path" value="D:\Program Files\Java\jdk-17.0.7\bin;C:\WINDOWS\Sun\Java\bin;C:\WINDOWS\system32;C:\WINDOWS;F:\VMware 15\bin\;C:\WINDOWS\system32;C:\WINDOWS;C:\WINDOWS\System32\Wbem;C:\WINDOWS\System32\WindowsPowerShell\v1.0\;C:\Program Files\Microsoft SQL Server\120\Tools\Binn\;C:\Program Files\MySQL\MySQL Server 5.7\bin;F:\JavaResources\maven\apache-maven-3.6.3\bin;C:\Program Files (x86)\dotnet\;D:\Program Files\Git\cmd;D:\Program Files (x86)\Tencent\微信web开发者工具\dll;F:\JavaResources\gradle\gradle-6.5.1\bin;F:\reverse engineering\IDA_Pro_v7.0_Portable\python27\;F:\reverse engineering\IDA_Pro_v7.0_Portable\python27\Scripts\;F:\安卓逆向\Unity\Il2CppDumper-v6.7.19;C:\Program Files\NVIDIA Corporation\NVIDIA NvDLISR;F:\JavaResources\apache-tomcat-8.5.31;C:\Program Files (x86)\NVIDIA Corporation\PhysX\Common;C:\ProgramData\chocolatey\bin;D:\Users\11460\AppData\Roaming\nvm;D:\Program Files\nodejs;D:\Program Files (x86)\nodejs\;C:\Program Files\Microsoft SQL Server\130\Tools\Binn\;C:\Users\11460\AppData\Local\Microsoft\WindowsApps;D:\Program Files\Java\jdk1.8.0_131\bin;D:\Program Files\Java\jre1.8.0_131\bin;C:\Program Files\JetBrains\IntelliJ IDEA 2021.3.1\bin;;D:\Program Files\OpenSSL-Win64\bin;F:\reverse engineering\adb\platform-tools;D:\Users\11460\AppData\Local\Programs\Microsoft VS Code\bin;D:\Users\11460\AppData\Roaming\nvm;D:\Program Files\nodejs;C:\Users\11460\AppData\Roaming\npm;."/>
    <property name="java.vm.info" value="mixed mode, sharing"/>
    <property name="java.vendor" value="Oracle Corporation"/>
    <property name="java.vm.version" value="17.0.7+8-LTS-224"/>
    <property name="sun.io.unicode.encoding" value="UnicodeLittle"/>
    <property name="maven.repo.local" value="F:\JavaResources\maven\repository"/>
    <property name="java.class.version" value="61.0"/>
  </properties>
  <testcase name="contextLoads" classname="com.mall.wine.WineApplicationTests" time="1.317"/>
</testsuite>